time:  10-18 14:45
--------------------
Nx=5, Nt=1, M=300, Qx=30, Qt=30, t_block=1
Mean L_i: 7.38e-04, Std L_i: 0.00e+00
Mean L_2: 3.25e-05, Std L_2: 0.00e+00
--------------------
Mean L_i per block: [7.38e-04]
Std L_i per block: [0.00e+00]
Mean L_2 per block: [3.25e-05]
Std L_2 per block: [0.00e+00]
--------------------
Mean initial L_i per block: [[6.26e-05]]
Mean final L_i per block: [[7.38e-04]]
Mean initial L_2 per block: [[2.16e-05]]
Mean final L_2 per block: [[1.07e-04]]
########################################


time:  10-18 14:48
--------------------
Nx=5, Nt=2, M=300, Qx=30, Qt=30, t_block=1
Mean L_i: 1.72e-05, Std L_i: 0.00e+00
Mean L_2: 1.38e-06, Std L_2: 0.00e+00
--------------------
Mean L_i per block: [1.72e-05]
Std L_i per block: [0.00e+00]
Mean L_2 per block: [1.38e-06]
Std L_2 per block: [0.00e+00]
--------------------
Mean initial L_i per block: [[4.80e-06 1.11e-05]]
Mean final L_i per block: [[1.72e-05 8.74e-06]]
Mean initial L_2 per block: [[1.22e-06 2.23e-06]]
Mean final L_2 per block: [[1.87e-06 1.97e-06]]
########################################


time:  10-18 14:52
--------------------
Nx=5, Nt=3, M=300, Qx=30, Qt=30, t_block=1
Mean L_i: 6.88e-06, Std L_i: 0.00e+00
Mean L_2: 2.97e-07, Std L_2: 0.00e+00
--------------------
Mean L_i per block: [6.88e-06]
Std L_i per block: [0.00e+00]
Mean L_2 per block: [2.97e-07]
Std L_2 per block: [0.00e+00]
--------------------
Mean initial L_i per block: [[1.23e-06 1.65e-06 3.25e-06]]
Mean final L_i per block: [[6.88e-06 4.10e-06 6.59e-06]]
Mean initial L_2 per block: [[3.18e-07 4.73e-07 7.15e-07]]
Mean final L_2 per block: [[3.79e-07 3.94e-07 5.40e-07]]
########################################


time:  10-18 14:58
--------------------
Nx=5, Nt=4, M=300, Qx=30, Qt=30, t_block=1
Mean L_i: 1.07e-06, Std L_i: 0.00e+00
Mean L_2: 1.66e-07, Std L_2: 0.00e+00
--------------------
Mean L_i per block: [1.07e-06]
Std L_i per block: [0.00e+00]
Mean L_2 per block: [1.66e-07]
Std L_2 per block: [0.00e+00]
--------------------
Mean initial L_i per block: [[7.84e-07 9.49e-07 6.37e-07 8.92e-07]]
Mean final L_i per block: [[7.92e-07 7.01e-07 8.86e-07 1.07e-06]]
Mean initial L_2 per block: [[2.53e-07 2.33e-07 2.13e-07 2.73e-07]]
Mean final L_2 per block: [[1.63e-07 1.78e-07 1.91e-07 1.98e-07]]
########################################


time:  10-18 15:06
--------------------
Nx=5, Nt=5, M=300, Qx=30, Qt=30, t_block=1
Mean L_i: 7.53e-07, Std L_i: 0.00e+00
Mean L_2: 7.81e-08, Std L_2: 0.00e+00
--------------------
Mean L_i per block: [7.53e-07]
Std L_i per block: [0.00e+00]
Mean L_2 per block: [7.81e-08]
Std L_2 per block: [0.00e+00]
--------------------
Mean initial L_i per block: [[1.70e-07 2.72e-07 3.04e-07 4.50e-07 4.73e-07]]
Mean final L_i per block: [[2.24e-07 2.28e-07 7.37e-07 7.53e-07 7.16e-07]]
Mean initial L_2 per block: [[5.34e-08 8.99e-08 1.01e-07 1.32e-07 1.24e-07]]
Mean final L_2 per block: [[4.81e-08 6.92e-08 1.02e-07 9.79e-08 8.77e-08]]
########################################


